<?xml version="1.0" encoding="UTF-8"?>
<testsuite name="visitor.PrintVisitorTest" tests="3" skipped="0" failures="0" errors="0" timestamp="2020-12-01T08:42:09" hostname="mterentev-nb-2.local" time="0.008">
  <properties/>
  <testcase name="testEmpty" classname="visitor.PrintVisitorTest" time="0.006"/>
  <testcase name="testExpression" classname="visitor.PrintVisitorTest" time="0.002"/>
  <testcase name="testSingleToken" classname="visitor.PrintVisitorTest" time="0.0"/>
  <system-out><![CDATA[]]></system-out>
  <system-err><![CDATA[]]></system-err>
</testsuite>
