<?xml version="1.0" encoding="UTF-8"?>
<testsuite name="visitor.CalcVisitorTest" tests="4" skipped="0" failures="0" errors="0" timestamp="2020-12-01T08:42:09" hostname="mterentev-nb-2.local" time="0.001">
  <properties/>
  <testcase name="single" classname="visitor.CalcVisitorTest" time="0.0"/>
  <testcase name="testNonVisiting" classname="visitor.CalcVisitorTest" time="0.0"/>
  <testcase name="2 + 7" classname="visitor.CalcVisitorTest" time="0.0"/>
  <testcase name="2 - (3 + 5) div 2" classname="visitor.CalcVisitorTest" time="0.0"/>
  <system-out><![CDATA[]]></system-out>
  <system-err><![CDATA[]]></system-err>
</testsuite>
